This is pdfTeX, Version 3.141592653-2.6-1.40.24 (TeX Live 2022/Debian) (preloaded format=pdflatex 2024.2.14)  26 AUG 2024 23:47
entering extended mode
 restricted \write18 enabled.
 %&-line parsing enabled.
**titlepage.tex
(./titlepage.tex
LaTeX2e <2022-11-01> patch level 1
L3 programming layer <2023-01-16>

! LaTeX Error: Environment titlepage undefined.

See the LaTeX manual or LaTeX Companion for explanation.
Type  H <return>  for immediate help.
 ...                                              
                                                  
l.2 \begin{titlepage}
                     
Your command was ignored.
Type  I <command> <return>  to replace it with another command,
or  <return>  to continue without it.


! LaTeX Error: Missing \begin{document}.

See the LaTeX manual or LaTeX Companion for explanation.
Type  H <return>  for immediate help.
 ...                                              
                                                  
l.13 \begin{center}
                   
You're in trouble here.  Try typing  <return>  to proceed.
If that doesn't work, type  X <return>  to quit.


Overfull \hbox (20.0pt too wide) in paragraph at lines 13--13
[] 
 []

! Undefined control sequence.
l.19 \includegraphics
                     [width = 4cm]{./figures/ud}\\[1.5cm]
The control sequence at the end of the top line
of your error message was never \def'ed. If you have
misspelled it (e.g., `\hobx'), type `I' and the correct
spelling (e.g., `I\hbox'). Otherwise just continue,
and I'll forget about whatever was undefined.

Missing character: There is no [ in font nullfont!
Missing character: There is no w in font nullfont!
Missing character: There is no i in font nullfont!
Missing character: There is no d in font nullfont!
Missing character: There is no t in font nullfont!
Missing character: There is no h in font nullfont!
Missing character: There is no = in font nullfont!
Missing character: There is no 4 in font nullfont!
Missing character: There is no c in font nullfont!
Missing character: There is no m in font nullfont!
Missing character: There is no ] in font nullfont!
Missing character: There is no . in font nullfont!
Missing character: There is no / in font nullfont!
Missing character: There is no f in font nullfont!
Missing character: There is no i in font nullfont!
Missing character: There is no g in font nullfont!
Missing character: There is no u in font nullfont!
Missing character: There is no r in font nullfont!
Missing character: There is no e in font nullfont!
Missing character: There is no s in font nullfont!
Missing character: There is no / in font nullfont!
Missing character: There is no u in font nullfont!
Missing character: There is no d in font nullfont!
! Undefined control sequence.
<recently read> \Large 
                       
l.20 ...sidad Distrital Francisco José de Caldas}
                                                  \\[0.5cm]
The control sequence at the end of the top line
of your error message was never \def'ed. If you have
misspelled it (e.g., `\hobx'), type `I' and the correct
spelling (e.g., `I\hbox'). Otherwise just continue,
and I'll forget about whatever was undefined.


Overfull \hbox (61.0275pt too wide) in paragraph at lines 20--20
 []\OT1/cmr/m/sc/10 Universidad 
 []


Overfull \hbox (19.6693pt too wide) in paragraph at lines 20--20
 \OT1/cmr/m/sc/10 Dis- 
 []


Overfull \hbox (18.73322pt too wide) in paragraph at lines 20--20
 \OT1/cmr/m/sc/10 tri- 
 []


Overfull \hbox (16.511pt too wide) in paragraph at lines 20--20
 \OT1/cmr/m/sc/10 tal 
 []


Overfull \hbox (29.19151pt too wide) in paragraph at lines 20--20
 \OT1/cmr/m/sc/10 Fran- 
 []


Overfull \hbox (25.77763pt too wide) in paragraph at lines 20--20
 \OT1/cmr/m/sc/10 cisco 
 []


Overfull \hbox (22.17763pt too wide) in paragraph at lines 20--20
 \OT1/cmr/m/sc/10 Jos[]e 
 []


Overfull \hbox (11.82217pt too wide) in paragraph at lines 20--20
 \OT1/cmr/m/sc/10 de 
 []


Overfull \hbox (22.9054pt too wide) in paragraph at lines 20--20
 \OT1/cmr/m/sc/10 Cal- 
 []


Overfull \hbox (16.73328pt too wide) in paragraph at lines 20--20
 \OT1/cmr/m/sc/10 das 
 []

! Undefined control sequence.
<recently read> \large 
                       
l.21 ...\large Proyecto Curricular de matemática}
                                                  \\[0.95cm]
The control sequence at the end of the top line
of your error message was never \def'ed. If you have
misspelled it (e.g., `\hobx'), type `I' and the correct
spelling (e.g., `I\hbox'). Otherwise just continue,
and I'll forget about whatever was undefined.


Overfull \hbox (49.23859pt too wide) in paragraph at lines 21--21
 []\OT1/cmr/m/sc/10 Proyecto 
 []


Overfull \hbox (23.7943pt too wide) in paragraph at lines 21--21
 \OT1/cmr/m/sc/10 Cur- 
 []


Overfull \hbox (18.73322pt too wide) in paragraph at lines 21--21
 \OT1/cmr/m/sc/10 ric- 
 []


Overfull \hbox (9.91106pt too wide) in paragraph at lines 21--21
 \OT1/cmr/m/sc/10 u- 
 []


Overfull \hbox (17.28882pt too wide) in paragraph at lines 21--21
 \OT1/cmr/m/sc/10 lar 
 []


Overfull \hbox (11.82217pt too wide) in paragraph at lines 21--21
 \OT1/cmr/m/sc/10 de 
 []


Overfull \hbox (58.99968pt too wide) in paragraph at lines 21--21
 \OT1/cmr/m/sc/10 matem[]atica 
 []

! Undefined control sequence.
l.31 { \huge
             \bfseries Introducción a la Teoría de Códigos }\\
The control sequence at the end of the top line
of your error message was never \def'ed. If you have
misspelled it (e.g., `\hobx'), type `I' and the correct
spelling (e.g., `I\hbox'). Otherwise just continue,
and I'll forget about whatever was undefined.


Overfull \hbox (64.04134pt too wide) in paragraph at lines 31--31
 []\OT1/cmr/bx/n/10 Introducci^^Son 
 []


Overfull \hbox (5.59023pt too wide) in paragraph at lines 31--31
 \OT1/cmr/bx/n/10 a 
 []


Overfull \hbox (8.78465pt too wide) in paragraph at lines 31--31
 \OT1/cmr/bx/n/10 la 
 []


Overfull \hbox (31.58316pt too wide) in paragraph at lines 31--31
 \OT1/cmr/bx/n/10 Teor^^S^^Pa 
 []


Overfull \hbox (11.65967pt too wide) in paragraph at lines 31--31
 \OT1/cmr/bx/n/10 de 
 []


Overfull \hbox (39.67477pt too wide) in paragraph at lines 31--31
 \OT1/cmr/bx/n/10 C^^Sodigos 
 []


LaTeX Font Warning: Font shape `OT1/cmr/bx/sc' undefined
(Font)              using `OT1/cmr/bx/n' instead on input line 33.


! LaTeX Error: The font size command \normalsize is not defined:
               there is probably something wrong with the class file.

See the LaTeX manual or LaTeX Companion for explanation.
Type  H <return>  for immediate help.
 ...                                              
                                                  
l.33 \textbf{\textsc{\normalsize Matemáticas}}
                                               \\[1.0cm]
Your command was ignored.
Type  I <command> <return>  to replace it with another command,
or  <return>  to continue without it.


Overfull \hbox (64.32736pt too wide) in paragraph at lines 33--33
 []\OT1/cmr/bx/n/10 Matem^^Saticas 
 []


Overfull \hbox (20.0pt too wide) in paragraph at lines 42--42
[] 
 []

Missing character: There is no A in font nullfont!
Missing character: There is no n in font nullfont!
Missing character: There is no g in font nullfont!
Missing character: There is no e in font nullfont!
Missing character: There is no l in font nullfont!
Missing character: There is no G in font nullfont!
Missing character: There is no r in font nullfont!
Missing character: There is no a in font nullfont!
Missing character: There is no n in font nullfont!
Missing character: There is no a in font nullfont!
Missing character: There is no d in font nullfont!
Missing character: There is no o in font nullfont!
Missing character: There is no s in font nullfont!
Missing character: There is no N in font nullfont!
Missing character: There is no i in font nullfont!
Missing character: There is no c in font nullfont!
Missing character: There is no o in font nullfont!
Missing character: There is no l in font nullfont!
Missing character: There is no a in font nullfont!
Missing character: There is no s in font nullfont!
Missing character: There is no S in font nullfont!
Missing character: There is no i in font nullfont!
Missing character: There is no a in font nullfont!
Missing character: There is no t in font nullfont!
Missing character: There is no a in font nullfont!
Missing character: There is no m in font nullfont!
Missing character: There is no a in font nullfont!
Missing character: There is no V in font nullfont!
Missing character: There is no a in font nullfont!
Missing character: There is no l in font nullfont!
Missing character: There is no e in font nullfont!
Missing character: There is no n in font nullfont!
Missing character: There is no t in font nullfont!
Missing character: There is no i in font nullfont!
Missing character: There is no n in font nullfont!
Missing character: There is no a in font nullfont!
Missing character: There is no V in font nullfont!
Missing character: There is no i in font nullfont!
Missing character: There is no v in font nullfont!
Missing character: There is no a in font nullfont!
Missing character: There is no s in font nullfont!
Missing character: There is no 2 in font nullfont!
Missing character: There is no 0 in font nullfont!
Missing character: There is no 1 in font nullfont!
Missing character: There is no 9 in font nullfont!
Missing character: There is no 1 in font nullfont!
Missing character: There is no 1 in font nullfont!
Missing character: There is no 6 in font nullfont!
Missing character: There is no 7 in font nullfont!
Missing character: There is no 0 in font nullfont!
Missing character: There is no 9 in font nullfont!
Missing character: There is no 0 in font nullfont!

Overfull \hbox (41.08313pt too wide) in paragraph at lines 55--56
 []\OT1/cmr/bx/n/10 Docente 
 []

Missing character: There is no G in font nullfont!
Missing character: There is no a in font nullfont!
Missing character: There is no b in font nullfont!
Missing character: There is no r in font nullfont!
Missing character: There is no i in font nullfont!
Missing character: There is no e in font nullfont!
Missing character: There is no l in font nullfont!
Missing character: There is no B in font nullfont!
Missing character: There is no r in font nullfont!
Missing character: There is no a in font nullfont!
Missing character: There is no v in font nullfont!
Missing character: There is no o in font nullfont!
Missing character: There is no R in font nullfont!
LaTeX Font Info:    Trying to load font information for +cmr on input line 58.
LaTeX Font Info:    No file cmr.fd. on input line 58.

LaTeX Font Warning: Font shape `/cmr/m/n' undefined
(Font)              using `/cmr/m/n' instead on input line 58.

! Corrupted NFSS tables.
wrong@fontshape ...message {Corrupted NFSS tables}
                                                  error@fontshape else let f...
l.58      Gabriel Bravo Rí
                           os
This error message was generated by an \errmessage
command, so I can't give any explicit help.
Pretend that you're Hercule Poirot: Examine all clues,
and deduce the truth by order and method.


LaTeX Font Warning: Font shape `/cmr/m/n' undefined
(Font)              using `OT1/cmr/m/n' instead on input line 58.

Missing character: There is no o in font nullfont!
Missing character: There is no s in font nullfont!

Overfull \hbox (7.7778pt too wide) in paragraph at lines 58--59
 \/cmr/m/n/10 ^^S^^P 
 []


! LaTeX Error: \begin{document} ended by \end{titlepage}.

See the LaTeX manual or LaTeX Companion for explanation.
Type  H <return>  for immediate help.
 ...                                              
                                                  
l.72 \end{titlepage}
                    
Your command was ignored.
Type  I <command> <return>  to replace it with another command,
or  <return>  to continue without it.

)
! Emergency stop.
<*> titlepage.tex
                 
*** (job aborted, no legal \end found)

 
Here is how much of TeX's memory you used:
 41 strings out of 476091
 618 string characters out of 5794081
 1851330 words of memory out of 5000000
 20521 multiletter control sequences out of 15000+600000
 512896 words of font info for 34 fonts, out of 8000000 for 9000
 1141 hyphenation exceptions out of 8191
 23i,1n,32p,118b,176s stack positions out of 10000i,1000n,20000p,200000b,200000s
!  ==> Fatal error occurred, no output PDF file produced!
